{
  "stats": {
    "suites": 1,
    "tests": 2,
    "passes": 2,
    "pending": 0,
    "failures": 0,
    "start": "2022-11-20T10:11:10.041Z",
    "end": "2022-11-20T10:11:20.388Z",
    "duration": 10347,
    "testsRegistered": 2,
    "passPercent": 100,
    "pendingPercent": 0,
    "other": 0,
    "hasOther": false,
    "skipped": 0,
    "hasSkipped": false
  },
  "results": [
    {
      "uuid": "cadad772-6be0-40d2-a6ea-e24479d9316d",
      "title": "",
      "fullFile": "cypress/e2e/orderTest.cy.js",
      "file": "cypress/e2e/orderTest.cy.js",
      "beforeHooks": [],
      "afterHooks": [],
      "tests": [],
      "suites": [
        {
          "uuid": "45b401f2-bf0e-45b3-9648-a94d1f548cd6",
          "title": "User can",
          "fullFile": "",
          "file": "",
          "beforeHooks": [],
          "afterHooks": [],
          "tests": [
            {
              "title": "Place Order",
              "fullTitle": "User can Place Order",
              "timedOut": null,
              "duration": 5014,
              "state": "passed",
              "speed": "medium",
              "pass": true,
              "fail": false,
              "pending": false,
              "context": null,
              "code": "_ProductPage.default.openProductPageById(52);\n_ProductPage.default.setProductQty(4);\n_ProductPage.default.clickAddToCartButton();\n_CheckoutPage.default.clickCheckoutButton();\n_CheckoutPage.default.clickConfirmOrderButton();\ncy.get('.maintext').should('contain.text', ' Your Order Has Been Processed!');\ncy.get('section.mb40').should('contain.text', 'Thank you for shopping with us!');",
              "err": {},
              "uuid": "6df510a1-ac9e-461d-a0f9-7c4f82d9c68a",
              "parentUUID": "45b401f2-bf0e-45b3-9648-a94d1f548cd6",
              "isHook": false,
              "skipped": false
            },
            {
              "title": "Place Order via search",
              "fullTitle": "User can Place Order via search",
              "timedOut": null,
              "duration": 4600,
              "state": "passed",
              "speed": "fast",
              "pass": true,
              "fail": false,
              "pending": false,
              "context": null,
              "code": "(0, _helper.findExistingProduct)('Skinsheen Bronzer Stick');\n_ProductPage.default.setProductQty(4);\n_ProductPage.default.clickAddToCartButton();\n_CheckoutPage.default.clickCheckoutButton();\n_CheckoutPage.default.clickConfirmOrderButton();\ncy.get('.maintext').should('contain.text', ' Your Order Has Been Processed!');\ncy.get('section.mb40').should('contain.text', 'Thank you for shopping with us!');",
              "err": {},
              "uuid": "d5927289-0d81-4423-93c6-83cf5ddb97ba",
              "parentUUID": "45b401f2-bf0e-45b3-9648-a94d1f548cd6",
              "isHook": false,
              "skipped": false
            }
          ],
          "suites": [],
          "passes": [
            "6df510a1-ac9e-461d-a0f9-7c4f82d9c68a",
            "d5927289-0d81-4423-93c6-83cf5ddb97ba"
          ],
          "failures": [],
          "pending": [],
          "skipped": [],
          "duration": 9614,
          "root": false,
          "rootEmpty": false,
          "_timeout": 2000
        }
      ],
      "passes": [],
      "failures": [],
      "pending": [],
      "skipped": [],
      "duration": 0,
      "root": true,
      "rootEmpty": true,
      "_timeout": 2000
    }
  ],
  "meta": {
    "mocha": {
      "version": "7.0.1"
    },
    "mochawesome": {
      "options": {
        "quiet": false,
        "reportFilename": "mochawesome",
        "saveHtml": false,
        "saveJson": true,
        "consoleReporter": "spec",
        "useInlineDiffs": false,
        "code": true
      },
      "version": "7.1.3"
    },
    "marge": {
      "options": {
        "reportDir": "cypress/results",
        "overwrite": false,
        "html": false,
        "json": true
      },
      "version": "6.2.0"
    }
  }
}