{
  "stats": {
    "suites": 2,
    "tests": 9,
    "passes": 9,
    "pending": 0,
    "failures": 0,
    "start": "2022-11-20T10:11:47.254Z",
    "end": "2022-11-20T10:12:10.916Z",
    "duration": 23662,
    "testsRegistered": 9,
    "passPercent": 100,
    "pendingPercent": 0,
    "other": 0,
    "hasOther": false,
    "skipped": 0,
    "hasSkipped": false
  },
  "results": [
    {
      "uuid": "ee80b138-49fa-4b25-876d-f8314f43fe70",
      "title": "",
      "fullFile": "cypress/e2e/zhyvov_hw_9.cy.js",
      "file": "cypress/e2e/zhyvov_hw_9.cy.js",
      "beforeHooks": [],
      "afterHooks": [],
      "tests": [],
      "suites": [
        {
          "uuid": "3386f264-df4d-4aa2-b270-bae38d0ee05e",
          "title": "User can",
          "fullFile": "",
          "file": "",
          "beforeHooks": [],
          "afterHooks": [],
          "tests": [
            {
              "title": "login with correct login and password",
              "fullTitle": "User can login with correct login and password",
              "timedOut": null,
              "duration": 6681,
              "state": "passed",
              "speed": "medium",
              "pass": true,
              "fail": false,
              "pending": false,
              "context": null,
              "code": "_AuthorizationPage.default.visit();\n_AuthorizationPage.default.submitLoginForm(_user.default.userName, _user.default.password);\n_AccountPage.default.getUserNameFromHeading().should('contain.text', _user.default.firstName).and('contain.text', ' My Account');\ncy.getCookie('AC_SF_8CEFDA09D5').should('exist');\n_AccountPage.default.logout();",
              "err": {},
              "uuid": "84bbf050-6abd-4753-86d8-6ff965adbd73",
              "parentUUID": "3386f264-df4d-4aa2-b270-bae38d0ee05e",
              "isHook": false,
              "skipped": false
            }
          ],
          "suites": [],
          "passes": [
            "84bbf050-6abd-4753-86d8-6ff965adbd73"
          ],
          "failures": [],
          "pending": [],
          "skipped": [],
          "duration": 6681,
          "root": false,
          "rootEmpty": false,
          "_timeout": 2000
        },
        {
          "uuid": "445eba58-9d01-42bf-8569-cdabd9b1738c",
          "title": "User can not",
          "fullFile": "",
          "file": "",
          "beforeHooks": [],
          "afterHooks": [],
          "tests": [
            {
              "title": "login with correct login and invalid password",
              "fullTitle": "User can not login with correct login and invalid password",
              "timedOut": null,
              "duration": 4179,
              "state": "passed",
              "speed": "fast",
              "pass": true,
              "fail": false,
              "pending": false,
              "context": null,
              "code": "_AuthorizationPage.default.visit();\n_AuthorizationPage.default.submitLoginForm(_user.default.userName, 'invalidPassword');\n_AuthorizationPage.default.getLoginAlert().should('contain.text', \"\\n×\\nError: Incorrect login or password provided.\");",
              "err": {},
              "uuid": "58a1f081-d8c9-4b5c-be91-1442ece85dfc",
              "parentUUID": "445eba58-9d01-42bf-8569-cdabd9b1738c",
              "isHook": false,
              "skipped": false
            },
            {
              "title": "login with invalid login and correct password",
              "fullTitle": "User can not login with invalid login and correct password",
              "timedOut": null,
              "duration": 1929,
              "state": "passed",
              "speed": "fast",
              "pass": true,
              "fail": false,
              "pending": false,
              "context": null,
              "code": "_AuthorizationPage.default.visit();\n_AuthorizationPage.default.submitLoginForm('invalidUser', _user.default.password);\n_AuthorizationPage.default.getLoginAlert().should('contain.text', \"\\n×\\nError: Incorrect login or password provided.\");",
              "err": {},
              "uuid": "f88b93a5-8044-4847-bd31-559a658f89d1",
              "parentUUID": "445eba58-9d01-42bf-8569-cdabd9b1738c",
              "isHook": false,
              "skipped": false
            },
            {
              "title": "login with invalid login and invalid password",
              "fullTitle": "User can not login with invalid login and invalid password",
              "timedOut": null,
              "duration": 1550,
              "state": "passed",
              "speed": "fast",
              "pass": true,
              "fail": false,
              "pending": false,
              "context": null,
              "code": "_AuthorizationPage.default.visit();\n_AuthorizationPage.default.submitLoginForm('invalidUser', 'invalidPassword');\n_AuthorizationPage.default.getLoginAlert().should('contain.text', \"\\n×\\nError: Incorrect login or password provided.\");",
              "err": {},
              "uuid": "af516b57-5855-402a-b8d6-e6a8af955a16",
              "parentUUID": "445eba58-9d01-42bf-8569-cdabd9b1738c",
              "isHook": false,
              "skipped": false
            },
            {
              "title": "login with with correct login and without password",
              "fullTitle": "User can not login with with correct login and without password",
              "timedOut": null,
              "duration": 3639,
              "state": "passed",
              "speed": "fast",
              "pass": true,
              "fail": false,
              "pending": false,
              "context": null,
              "code": "_AuthorizationPage.default.visit();\n_AuthorizationPage.default.typeTextInLoginField(_user.default.userName);\n_AuthorizationPage.default.getLoginButton().click();\n_AuthorizationPage.default.getLoginAlert().should('contain.text', \"\\n×\\nError: Incorrect login or password provided.\");",
              "err": {},
              "uuid": "aba1b58d-e4e5-4f8f-8dcf-e108698d015b",
              "parentUUID": "445eba58-9d01-42bf-8569-cdabd9b1738c",
              "isHook": false,
              "skipped": false
            },
            {
              "title": "login with without login and with correct password",
              "fullTitle": "User can not login with without login and with correct password",
              "timedOut": null,
              "duration": 1237,
              "state": "passed",
              "speed": "fast",
              "pass": true,
              "fail": false,
              "pending": false,
              "context": null,
              "code": "_AuthorizationPage.default.visit();\n_AuthorizationPage.default.typeTextInPasswordField(_user.default.password);\n_AuthorizationPage.default.getLoginButton().click();\n_AuthorizationPage.default.getLoginAlert().should('contain.text', \"\\n×\\nError: Incorrect login or password provided.\");",
              "err": {},
              "uuid": "bd701cd6-7422-4616-8739-fab214206f90",
              "parentUUID": "445eba58-9d01-42bf-8569-cdabd9b1738c",
              "isHook": false,
              "skipped": false
            },
            {
              "title": "login with without login and without password",
              "fullTitle": "User can not login with without login and without password",
              "timedOut": null,
              "duration": 1248,
              "state": "passed",
              "speed": "fast",
              "pass": true,
              "fail": false,
              "pending": false,
              "context": null,
              "code": "_AuthorizationPage.default.visit();\n_AuthorizationPage.default.getLoginButton().click();\n_AuthorizationPage.default.getLoginAlert().should('contain.text', \"\\n×\\nError: Incorrect login or password provided.\");",
              "err": {},
              "uuid": "03ef816c-a942-430d-b206-5d53a7e1d49e",
              "parentUUID": "445eba58-9d01-42bf-8569-cdabd9b1738c",
              "isHook": false,
              "skipped": false
            },
            {
              "title": "login with Spaces only login and correct password",
              "fullTitle": "User can not login with Spaces only login and correct password",
              "timedOut": null,
              "duration": 1558,
              "state": "passed",
              "speed": "fast",
              "pass": true,
              "fail": false,
              "pending": false,
              "context": null,
              "code": "_AuthorizationPage.default.visit();\n_AuthorizationPage.default.submitLoginForm('   ', _user.default.password);\n_AuthorizationPage.default.getLoginAlert().should('contain.text', \"\\n×\\nError: Incorrect login or password provided.\");",
              "err": {},
              "uuid": "ee649582-2578-4c14-ac6c-d8df4c544df6",
              "parentUUID": "445eba58-9d01-42bf-8569-cdabd9b1738c",
              "isHook": false,
              "skipped": false
            },
            {
              "title": "login with correct login and Spaces only password",
              "fullTitle": "User can not login with correct login and Spaces only password",
              "timedOut": null,
              "duration": 1492,
              "state": "passed",
              "speed": "fast",
              "pass": true,
              "fail": false,
              "pending": false,
              "context": null,
              "code": "_AuthorizationPage.default.visit();\n_AuthorizationPage.default.submitLoginForm(_user.default.userName, '    ');\n_AuthorizationPage.default.getLoginAlert().should('contain.text', \"\\n×\\nError: Incorrect login or password provided.\");",
              "err": {},
              "uuid": "7c616e17-b452-486d-8876-b59b065b042d",
              "parentUUID": "445eba58-9d01-42bf-8569-cdabd9b1738c",
              "isHook": false,
              "skipped": false
            }
          ],
          "suites": [],
          "passes": [
            "58a1f081-d8c9-4b5c-be91-1442ece85dfc",
            "f88b93a5-8044-4847-bd31-559a658f89d1",
            "af516b57-5855-402a-b8d6-e6a8af955a16",
            "aba1b58d-e4e5-4f8f-8dcf-e108698d015b",
            "bd701cd6-7422-4616-8739-fab214206f90",
            "03ef816c-a942-430d-b206-5d53a7e1d49e",
            "ee649582-2578-4c14-ac6c-d8df4c544df6",
            "7c616e17-b452-486d-8876-b59b065b042d"
          ],
          "failures": [],
          "pending": [],
          "skipped": [],
          "duration": 16832,
          "root": false,
          "rootEmpty": false,
          "_timeout": 2000
        }
      ],
      "passes": [],
      "failures": [],
      "pending": [],
      "skipped": [],
      "duration": 0,
      "root": true,
      "rootEmpty": true,
      "_timeout": 2000
    }
  ],
  "meta": {
    "mocha": {
      "version": "7.0.1"
    },
    "mochawesome": {
      "options": {
        "quiet": false,
        "reportFilename": "mochawesome",
        "saveHtml": false,
        "saveJson": true,
        "consoleReporter": "spec",
        "useInlineDiffs": false,
        "code": true
      },
      "version": "7.1.3"
    },
    "marge": {
      "options": {
        "reportDir": "cypress/results",
        "overwrite": false,
        "html": false,
        "json": true
      },
      "version": "6.2.0"
    }
  }
}