{
  "stats": {
    "suites": 0,
    "tests": 2,
    "passes": 2,
    "pending": 0,
    "failures": 0,
    "start": "2022-11-20T10:11:03.368Z",
    "end": "2022-11-20T10:11:06.994Z",
    "duration": 3626,
    "testsRegistered": 2,
    "passPercent": 100,
    "pendingPercent": 0,
    "other": 0,
    "hasOther": false,
    "skipped": 0,
    "hasSkipped": false
  },
  "results": [
    {
      "uuid": "13270c6c-3f7d-4138-9049-c3f8a5b66b14",
      "title": "",
      "fullFile": "cypress/e2e/authorizationTest.cy.js",
      "file": "cypress/e2e/authorizationTest.cy.js",
      "beforeHooks": [],
      "afterHooks": [],
      "tests": [
        {
          "title": "Authorization",
          "fullTitle": "Authorization",
          "timedOut": null,
          "duration": 2960,
          "state": "passed",
          "speed": "fast",
          "pass": true,
          "fail": false,
          "pending": false,
          "context": null,
          "code": "_AuthorizationPage.default.visit();\n_AuthorizationPage.default.submitLoginForm(_user.default.userName, _user.default.password);\n_AccountPage.default.getUserNameFromHeading().should('contain.text', _user.default.firstName).and('contain.text', ' My Account');\ncy.getCookie('AC_SF_8CEFDA09D5').should('exist');",
          "err": {},
          "uuid": "c83887af-d6cb-454f-8971-79f0d371812b",
          "parentUUID": "13270c6c-3f7d-4138-9049-c3f8a5b66b14",
          "isHook": false,
          "skipped": false
        },
        {
          "title": "Test inheritance",
          "fullTitle": "Test inheritance",
          "timedOut": null,
          "duration": 634,
          "state": "passed",
          "speed": "fast",
          "pass": true,
          "fail": false,
          "pending": false,
          "context": null,
          "code": "_AuthorizationPage.default.visit();\n_AuthorizationPage.default.performSearch('i');",
          "err": {},
          "uuid": "98f33000-e491-464d-b250-10cef0813c7c",
          "parentUUID": "13270c6c-3f7d-4138-9049-c3f8a5b66b14",
          "isHook": false,
          "skipped": false
        }
      ],
      "suites": [],
      "passes": [
        "c83887af-d6cb-454f-8971-79f0d371812b",
        "98f33000-e491-464d-b250-10cef0813c7c"
      ],
      "failures": [],
      "pending": [],
      "skipped": [],
      "duration": 3594,
      "root": true,
      "rootEmpty": false,
      "_timeout": 2000
    }
  ],
  "meta": {
    "mocha": {
      "version": "7.0.1"
    },
    "mochawesome": {
      "options": {
        "quiet": false,
        "reportFilename": "mochawesome",
        "saveHtml": false,
        "saveJson": true,
        "consoleReporter": "spec",
        "useInlineDiffs": false,
        "code": true
      },
      "version": "7.1.3"
    },
    "marge": {
      "options": {
        "reportDir": "cypress/results",
        "overwrite": false,
        "html": false,
        "json": true
      },
      "version": "6.2.0"
    }
  }
}