{
  "stats": {
    "suites": 0,
    "tests": 1,
    "passes": 1,
    "pending": 0,
    "failures": 0,
    "start": "2022-11-20T10:11:25.954Z",
    "end": "2022-11-20T10:11:31.802Z",
    "duration": 5848,
    "testsRegistered": 1,
    "passPercent": 100,
    "pendingPercent": 0,
    "other": 0,
    "hasOther": false,
    "skipped": 0,
    "hasSkipped": false
  },
  "results": [
    {
      "uuid": "cf785014-8f17-4428-9b9b-e09a1d8b6bd9",
      "title": "",
      "fullFile": "cypress/e2e/registrationTest.cy.js",
      "file": "cypress/e2e/registrationTest.cy.js",
      "beforeHooks": [],
      "afterHooks": [],
      "tests": [
        {
          "title": "Registration with faker",
          "fullTitle": "Registration with faker",
          "timedOut": null,
          "duration": 5786,
          "state": "passed",
          "speed": "medium",
          "pass": true,
          "fail": false,
          "pending": false,
          "context": null,
          "code": "_RegistrationPage.default.registerNewUser();\ncy.get('h1.heading1').should('contain.text', ' Your Account Has Been Created!');",
          "err": {},
          "uuid": "7176d7b1-3816-41d9-8ff8-39c4c3e9d1e3",
          "parentUUID": "cf785014-8f17-4428-9b9b-e09a1d8b6bd9",
          "isHook": false,
          "skipped": false
        }
      ],
      "suites": [],
      "passes": [
        "7176d7b1-3816-41d9-8ff8-39c4c3e9d1e3"
      ],
      "failures": [],
      "pending": [],
      "skipped": [],
      "duration": 5786,
      "root": true,
      "rootEmpty": false,
      "_timeout": 2000
    }
  ],
  "meta": {
    "mocha": {
      "version": "7.0.1"
    },
    "mochawesome": {
      "options": {
        "quiet": false,
        "reportFilename": "mochawesome",
        "saveHtml": false,
        "saveJson": true,
        "consoleReporter": "spec",
        "useInlineDiffs": false,
        "code": true
      },
      "version": "7.1.3"
    },
    "marge": {
      "options": {
        "reportDir": "cypress/results",
        "overwrite": false,
        "html": false,
        "json": true
      },
      "version": "6.2.0"
    }
  }
}